01коммут

01.01 СНП58 мама					2
01.02 
01.03 СНП34С  135p  мама
01.04 клеммник винты
01.05 DB9 розетка					2
01.06 DB9 вилка						3
01.07 DB25 розетка					3
01.08 DB25 вилка
01.09 DB15 розетка
01.10 UTP8 тройник
01.11 RJ45 вилка
01.12 RJ45 розетка					
01.13 крокодилы
01.14 клеммник 4 конт пружины
01.15 клеммник 8 конт пружины
01.16 клеммник VAGO-2				2
01.17 клеммник VAGO-3				3
01.18 serial ata шлейф
01.19 контакты пап мам
01.20 3.5 мм питание

01.21 выключатель со светд. прямоуг
01.22 3.5 мм вилка 
01.23 3.5 мм розетка
01.24 3.5 мм электр одноп.вилка
01.25 лепестки с разрезом

01.26 тройник осцил.
01.27
01.28
01.29
01.30

01.31 
01.32
01.33
01.34
01.35
01.36
01.37
01.38
01.39
01.40

01.41 
01.42
01.43
01.44
01.45
01.46
01.47
01.48
01.49
01.50

01.1 
01.2
01.3
01.4
01.5
01.6
01.7
01.8
01.9
01.0

01.1 
01.2
01.3
01.4
01.5
01.6
01.7
01.8
01.9
01.0

01.1 
01.2
01.3
01.4
01.5
01.6
01.7
01.8
01.9
01.0

01.1 
01.2
01.3
01.4
01.5
01.6
01.7
01.8
01.9
01.0

01.1 
01.2
01.3
01.4
01.5
01.6
01.7
01.8
01.9
01.0

01.1 
01.2
01.3
01.4
01.5
01.6
01.7
01.8
01.9
01.0

01.1 
01.2
01.3
01.4
01.5
01.6
01.7
01.8
01.9
01.0

01.01 
01.02
01.03
01.04
01.05
01.06
01.07
01.08
01.09
01.01 
01.02
01.03
01.04
01.05
01.06
01.07
01.08
01.09
01.01 
01.02
01.03
01.04
01.05
01.06
01.07
01.08
01.09
01.01 
01.02
01.03
01.04
01.05
01.06
01.07
01.08
01.09
01.
01.
01.
01.
01.
01.
01.
01.
01.
01.
01.
01.
01.
01.
01.
01.
01.
01.
01.
01.
01.
01.
01.
01.
01.
